<?xml version="1.0" encoding="UTF-8"?>
<!-- Generated by org.testng.reporters.JUnitReportReporter -->
<testsuite skipped="0" hostname="DESKTOP-OIIUUD7" name="a1_sample1.A1_SampleTest1" tests="1" failures="0" timestamp="27 Jan 2022 07:03:25 GMT" time="22.745" errors="0">
  <testcase name="loadGoogle" time="22.745" classname="a1_sample1.A1_SampleTest1"/>
</testsuite> <!-- a1_sample1.A1_SampleTest1 -->
