<?xml version="1.0" encoding="UTF-8"?>
<!-- Generated by org.testng.reporters.JUnitReportReporter -->
<testsuite skipped="0" hostname="DESKTOP-OIIUUD7" name="a2_sample.A1_SampleTest2" tests="1" failures="0" timestamp="27 Jan 2022 07:03:25 GMT" time="7.882" errors="0">
  <testcase name="loadGoogle" time="7.882" classname="a2_sample.A1_SampleTest2"/>
</testsuite> <!-- a2_sample.A1_SampleTest2 -->
